<?xml version="1.0" encoding="UTF-8"?>
<testsuite name="org.hmp.RunnerCukesTest" time="0.735" tests="24" errors="0" skipped="0" failures="0">
  <properties>
[...]
</properties>
  <testcase name="Given I have successfully signed in with &quot;admin&quot; and &quot;password&quot;" classname="| admin | password | HMRC Hotel | 1, New Castle road | Tunde | 0756438992 | tunde@email.com | Tunde |" time="0.008"/>
  <testcase name="When I enter the following customer details: &quot;HMRC Hotel&quot;, &quot;1, New Castle road&quot;, &quot;Tunde&quot;, &quot;0756438992&quot;, &quot;tunde@email.com&quot; and click on create button" classname="| admin | password | HMRC Hotel | 1, New Castle road | Tunde | 0756438992 | tunde@email.com | Tunde |" time="0.003"/>
  <testcase name="Then I should see a record containing the name of the owner &quot;Tunde&quot;" classname="| admin | password | HMRC Hotel | 1, New Castle road | Tunde | 0756438992 | tunde@email.com | Tunde |" time="0.001"/>
  <testcase name="| admin | password | HMRC Hotel | 1, New Castle road | Tunde | 0756438992 | tunde@email.com | Tunde |" classname="| admin | password | HMRC Hotel | 1, New Castle road | Tunde | 0756438992 | tunde@email.com | Tunde |" time="0.133"/>
  <testcase name="Given I have successfully signed in with &quot;admin&quot; and &quot;password&quot;" classname="| admin | password | HMRC 3 Star Hotel | 1, Newcastle road | James | 080038992 | james@email.com | James |" time="0.001"/>
  <testcase name="When I enter the following customer details: &quot;HMRC 3 Star Hotel&quot;, &quot;1, Newcastle road&quot;, &quot;James&quot;, &quot;080038992&quot;, &quot;james@email.com&quot; and click on create button" classname="| admin | password | HMRC 3 Star Hotel | 1, Newcastle road | James | 080038992 | james@email.com | James |" time="0.002"/>
  <testcase name="Then I should see a record containing the name of the owner &quot;James&quot;" classname="| admin | password | HMRC 3 Star Hotel | 1, Newcastle road | James | 080038992 | james@email.com | James |" time="0"/>
  <testcase name="| admin | password | HMRC 3 Star Hotel | 1, Newcastle road | James | 080038992 | james@email.com | James |" classname="| admin | password | HMRC 3 Star Hotel | 1, Newcastle road | James | 080038992 | james@email.com | James |" time="0.128"/>
  <testcase name="Given I have successfully signed in with &quot;admin&quot; and &quot;password&quot;" classname="| admin | password | HMRC 5 Star Hotel | 2, Newcastle road | Lewis | 080038992 | lewis@email.com | Lewis |" time="0.002"/>
  <testcase name="When I enter the following customer details: &quot;HMRC 5 Star Hotel&quot;, &quot;2, Newcastle road&quot;, &quot;Lewis&quot;, &quot;080038992&quot;, &quot;lewis@email.com&quot; and click on create button" classname="| admin | password | HMRC 5 Star Hotel | 2, Newcastle road | Lewis | 080038992 | lewis@email.com | Lewis |" time="0"/>
  <testcase name="Then I should see a record containing the name of the owner &quot;Lewis&quot;" classname="| admin | password | HMRC 5 Star Hotel | 2, Newcastle road | Lewis | 080038992 | lewis@email.com | Lewis |" time="0.003"/>
  <testcase name="| admin | password | HMRC 5 Star Hotel | 2, Newcastle road | Lewis | 080038992 | lewis@email.com | Lewis |" classname="| admin | password | HMRC 5 Star Hotel | 2, Newcastle road | Lewis | 080038992 | lewis@email.com | Lewis |" time="0.129"/>
  <testcase name="Given I have successfully signed in with &quot;admin&quot; and &quot;password&quot;" classname="| admin | password | HMRC 7 Star Hotel | 3, Newcastle road | Comfort | 080038992 | comfort@email.com | Comfort |" time="0"/>
  <testcase name="When I enter the following customer details: &quot;HMRC 7 Star Hotel&quot;, &quot;3, Newcastle road&quot;, &quot;Comfort&quot;, &quot;080038992&quot;, &quot;comfort@email.com&quot; and click on create button" classname="| admin | password | HMRC 7 Star Hotel | 3, Newcastle road | Comfort | 080038992 | comfort@email.com | Comfort |" time="0"/>
  <testcase name="Then I should see a record containing the name of the owner &quot;Comfort&quot;" classname="| admin | password | HMRC 7 Star Hotel | 3, Newcastle road | Comfort | 080038992 | comfort@email.com | Comfort |" time="0.001"/>
  <testcase name="| admin | password | HMRC 7 Star Hotel | 3, Newcastle road | Comfort | 080038992 | comfort@email.com | Comfort |" classname="| admin | password | HMRC 7 Star Hotel | 3, Newcastle road | Comfort | 080038992 | comfort@email.com | Comfort |" time="0.123"/>
  <testcase name="Given I have successfully signed in with &quot;admin&quot; and &quot;password&quot;" classname="| admin | password | HMRC 10 Star Hotel | 4, Newcastle road | Nicole | 080038992 | nicole@email.com | Nicole |" time="0.001"/>
  <testcase name="When I enter the following customer details: &quot;HMRC 10 Star Hotel&quot;, &quot;4, Newcastle road&quot;, &quot;Nicole&quot;, &quot;080038992&quot;, &quot;nicole@email.com&quot; and click on create button" classname="| admin | password | HMRC 10 Star Hotel | 4, Newcastle road | Nicole | 080038992 | nicole@email.com | Nicole |" time="0.001"/>
  <testcase name="Then I should see a record containing the name of the owner &quot;Nicole&quot;" classname="| admin | password | HMRC 10 Star Hotel | 4, Newcastle road | Nicole | 080038992 | nicole@email.com | Nicole |" time="0"/>
  <testcase name="| admin | password | HMRC 10 Star Hotel | 4, Newcastle road | Nicole | 080038992 | nicole@email.com | Nicole |" classname="| admin | password | HMRC 10 Star Hotel | 4, Newcastle road | Nicole | 080038992 | nicole@email.com | Nicole |" time="0.126"/>
  <testcase name="Given I am on the Home page of the Hotel application" classname="Scenario: Test for login functionality" time="0"/>
  <testcase name="When I supply username &quot;admin&quot; and password &quot;password&quot;" classname="Scenario: Test for login functionality" time="0"/>
  <testcase name="Then I should see a Logout &quot;logout&quot;" classname="Scenario: Test for login functionality" time="0"/>
  <testcase name="Scenario: Test for login functionality" classname="Scenario: Test for login functionality" time="0.073"/>
</testsuite>